[18:32:39.889] Global cache location '/home/fractal/.cache/typescript/4.7', safe file path '/home/fractal/.emacs.d/.cache/lsp/npm/typescript/lib/node_modules/typescript/lib/typingSafeList.json', types map path /home/fractal/.emacs.d/.cache/lsp/npm/typescript/lib/node_modules/typescript/lib/typesMap.json
[18:32:39.896] Processing cache location '/home/fractal/.cache/typescript/4.7'
[18:32:39.899] Trying to find '/home/fractal/.cache/typescript/4.7/package.json'...
[18:32:39.914] Loaded content of '/home/fractal/.cache/typescript/4.7/package.json': {"private":true,"dependencies":{"types-registry":"^0.1.603"},"devDependencies":{"@types/babel__code-frame":"^7.0.3","@types/babel__core":"^7.1.19","@types/babel__generator":"^7.6.4","@types/babel__template":"^7.4.1","@types/babel__traverse":"^7.17.1","@types/bcryptjs":"^2.4.2","@types/eslint":"^8.4.2","@types/eslint-config-prettier":"^6.11.0","@types/inherits":"^0.0.30","@types/object-assign":"^4.0.30","@types/prettier":"^2.6.3","@types/react":"^18.0.11","@types/react-dom":"^18.0.5","@types/semver":"^7.3.9","@types/tailwindcss":"^3.0.10","@types/testing-library__jest-dom":"^5.14.3"}}
[18:32:39.914] Loaded content of '/home/fractal/.cache/typescript/4.7/package-lock.json'
[18:32:39.979] Adding entry into typings cache: 'babel__code-frame' => '/home/fractal/.cache/typescript/4.7/node_modules/@types/babel__code-frame/index.d.ts'
[18:32:39.992] Adding entry into typings cache: 'babel__core' => '/home/fractal/.cache/typescript/4.7/node_modules/@types/babel__core/index.d.ts'
[18:32:40.004] Adding entry into typings cache: 'babel__generator' => '/home/fractal/.cache/typescript/4.7/node_modules/@types/babel__generator/index.d.ts'
[18:32:40.015] Adding entry into typings cache: 'babel__template' => '/home/fractal/.cache/typescript/4.7/node_modules/@types/babel__template/index.d.ts'
[18:32:40.028] Adding entry into typings cache: 'babel__traverse' => '/home/fractal/.cache/typescript/4.7/node_modules/@types/babel__traverse/index.d.ts'
[18:32:40.039] Adding entry into typings cache: 'bcryptjs' => '/home/fractal/.cache/typescript/4.7/node_modules/@types/bcryptjs/index.d.ts'
[18:32:40.048] Adding entry into typings cache: 'eslint' => '/home/fractal/.cache/typescript/4.7/node_modules/@types/eslint/index.d.ts'
[18:32:40.059] Adding entry into typings cache: 'eslint-config-prettier' => '/home/fractal/.cache/typescript/4.7/node_modules/@types/eslint-config-prettier/index.d.ts'
[18:32:40.076] Adding entry into typings cache: 'inherits' => '/home/fractal/.cache/typescript/4.7/node_modules/@types/inherits/index.d.ts'
[18:32:40.086] Adding entry into typings cache: 'object-assign' => '/home/fractal/.cache/typescript/4.7/node_modules/@types/object-assign/index.d.ts'
[18:32:40.098] Adding entry into typings cache: 'prettier' => '/home/fractal/.cache/typescript/4.7/node_modules/@types/prettier/index.d.ts'
[18:32:40.121] Adding entry into typings cache: 'react' => '/home/fractal/.cache/typescript/4.7/node_modules/@types/react/index.d.ts'
[18:32:40.144] Adding entry into typings cache: 'react-dom' => '/home/fractal/.cache/typescript/4.7/node_modules/@types/react-dom/index.d.ts'
[18:32:40.166] Adding entry into typings cache: 'semver' => '/home/fractal/.cache/typescript/4.7/node_modules/@types/semver/index.d.ts'
[18:32:40.169] Adding entry into typings cache: 'tailwindcss' => '/home/fractal/.cache/typescript/4.7/node_modules/@types/tailwindcss/index.d.ts'
[18:32:40.193] Adding entry into typings cache: 'testing-library__jest-dom' => '/home/fractal/.cache/typescript/4.7/node_modules/@types/testing-library__jest-dom/index.d.ts'
[18:32:40.194] Finished processing cache location '/home/fractal/.cache/typescript/4.7'
[18:32:40.196] Process id: 102632
[18:32:40.196] NPM location: /usr/bin/npm (explicit '--npmLocation' not  provided)
[18:32:40.196] validateDefaultNpmLocation: false
[18:32:40.196] Npm config file: /home/fractal/.cache/typescript/4.7/package.json
[18:32:40.196] Updating types-registry npm package...
[18:32:40.197] Exec: /usr/bin/npm install --ignore-scripts types-registry@latest
[18:32:43.609]     Succeeded. stdout:
    
    up to date, audited 43 packages in 2s

3 packages are looking for funding
  run `npm fund` for details

found 0 vulnerabilities

[18:32:43.609] Updated types-registry npm package
[18:32:50.562] Got install request {"projectName":"/dev/null/inferredProject1*","fileNames":["/home/fractal/.emacs.d/.cache/lsp/npm/typescript/lib/node_modules/typescript/lib/lib.es5.d.ts","/home/fractal/.emacs.d/.cache/lsp/npm/typescript/lib/node_modules/typescript/lib/lib.es2015.d.ts","/home/fractal/.emacs.d/.cache/lsp/npm/typescript/lib/node_modules/typescript/lib/lib.es2016.d.ts","/home/fractal/.emacs.d/.cache/lsp/npm/typescript/lib/node_modules/typescript/lib/lib.dom.d.ts","/home/fractal/.emacs.d/.cache/lsp/npm/typescript/lib/node_modules/typescript/lib/lib.dom.iterable.d.ts","/home/fractal/.emacs.d/.cache/lsp/npm/typescript/lib/node_modules/typescript/lib/lib.webworker.importscripts.d.ts","/home/fractal/.emacs.d/.cache/lsp/npm/typescript/lib/node_modules/typescript/lib/lib.scripthost.d.ts","/home/fractal/.emacs.d/.cache/lsp/npm/typescript/lib/node_modules/typescript/lib/lib.es2015.core.d.ts","/home/fractal/.emacs.d/.cache/lsp/npm/typescript/lib/node_modules/typescript/lib/lib.es2015.collection.d.ts","/home/fractal/.emacs.d/.cache/lsp/npm/typescript/lib/node_modules/typescript/lib/lib.es2015.generator.d.ts","/home/fractal/.emacs.d/.cache/lsp/npm/typescript/lib/node_modules/typescript/lib/lib.es2015.iterable.d.ts","/home/fractal/.emacs.d/.cache/lsp/npm/typescript/lib/node_modules/typescript/lib/lib.es2015.promise.d.ts","/home/fractal/.emacs.d/.cache/lsp/npm/typescript/lib/node_modules/typescript/lib/lib.es2015.proxy.d.ts","/home/fractal/.emacs.d/.cache/lsp/npm/typescript/lib/node_modules/typescript/lib/lib.es2015.reflect.d.ts","/home/fractal/.emacs.d/.cache/lsp/npm/typescript/lib/node_modules/typescript/lib/lib.es2015.symbol.d.ts","/home/fractal/.emacs.d/.cache/lsp/npm/typescript/lib/node_modules/typescript/lib/lib.es2015.symbol.wellknown.d.ts","/home/fractal/.emacs.d/.cache/lsp/npm/typescript/lib/node_modules/typescript/lib/lib.es2016.array.include.d.ts","/home/fractal/.emacs.d/.cache/lsp/npm/typescript/lib/node_modules/typescript/lib/lib.es2016.full.d.ts","/home/fractal/Dropbox/Javascript/shoppinglist/prisma/seed.js"],"compilerOptions":{"module":1,"target":3,"jsx":1,"allowJs":true,"allowSyntheticDefaultImports":true,"allowNonTsExtensions":true,"noEmitForJsFiles":true,"maxNodeModuleJsDepth":2},"typeAcquisition":{"enable":true,"include":[],"exclude":[]},"unresolvedImports":[],"projectRootPath":"/home/fractal/Dropbox/Javascript/shoppinglist/prisma","kind":"discover"}
[18:32:50.602] Loaded safelist from types map file '/home/fractal/.emacs.d/.cache/lsp/npm/typescript/lib/node_modules/typescript/lib/typesMap.json'
[18:32:50.606] Explicitly included types: []
[18:32:50.611] Inferred typings from unresolved imports: []
[18:32:50.614] Result: {"cachedTypingPaths":[],"newTypingNames":[],"filesToWatch":["/home/fractal/Dropbox/Javascript/shoppinglist/prisma/bower_components","/home/fractal/Dropbox/Javascript/shoppinglist/prisma/node_modules"]}
[18:32:50.616] Finished typings discovery: {"cachedTypingPaths":[],"newTypingNames":[],"filesToWatch":["/home/fractal/Dropbox/Javascript/shoppinglist/prisma/bower_components","/home/fractal/Dropbox/Javascript/shoppinglist/prisma/node_modules"]}
[18:32:50.619] DirectoryWatcher:: Added:: WatchInfo: /home/fractal/Dropbox/Javascript/shoppinglist/prisma/bower_components
[18:32:50.623] DirectoryWatcher:: Added:: WatchInfo: /home/fractal/Dropbox/Javascript/shoppinglist/prisma/bower_components 1 undefined Project: /dev/null/inferredProject1* watcher already invoked: false
[18:32:50.638] Elapsed:: 12.444314002990723ms DirectoryWatcher:: Added:: WatchInfo: /home/fractal/Dropbox/Javascript/shoppinglist/prisma/bower_components 1 undefined Project: /dev/null/inferredProject1* watcher already invoked: false
[18:32:50.638] DirectoryWatcher:: Added:: WatchInfo: /home/fractal/Dropbox/Javascript/shoppinglist/prisma/node_modules
[18:32:50.638] DirectoryWatcher:: Added:: WatchInfo: /home/fractal/Dropbox/Javascript/shoppinglist/prisma/node_modules 1 undefined Project: /dev/null/inferredProject1* watcher already invoked: false
[18:32:50.641] Elapsed:: 2.5067029893398285ms DirectoryWatcher:: Added:: WatchInfo: /home/fractal/Dropbox/Javascript/shoppinglist/prisma/node_modules 1 undefined Project: /dev/null/inferredProject1* watcher already invoked: false
[18:32:50.647] Sending response:
    {"projectName":"/dev/null/inferredProject1*","typeAcquisition":{"enable":true,"include":[],"exclude":[]},"compilerOptions":{"module":1,"target":3,"jsx":1,"allowJs":true,"allowSyntheticDefaultImports":true,"allowNonTsExtensions":true,"noEmitForJsFiles":true,"maxNodeModuleJsDepth":2},"typings":[],"unresolvedImports":[],"kind":"action::set"}
[18:32:50.648] Response has been sent.
[18:32:50.648] No new typings were requested as a result of typings discovery
[18:33:04.882] Got install request {"projectName":"/dev/null/inferredProject1*","fileNames":["/home/fractal/.emacs.d/.cache/lsp/npm/typescript/lib/node_modules/typescript/lib/lib.es5.d.ts","/home/fractal/.emacs.d/.cache/lsp/npm/typescript/lib/node_modules/typescript/lib/lib.es2015.d.ts","/home/fractal/.emacs.d/.cache/lsp/npm/typescript/lib/node_modules/typescript/lib/lib.es2016.d.ts","/home/fractal/.emacs.d/.cache/lsp/npm/typescript/lib/node_modules/typescript/lib/lib.dom.d.ts","/home/fractal/.emacs.d/.cache/lsp/npm/typescript/lib/node_modules/typescript/lib/lib.dom.iterable.d.ts","/home/fractal/.emacs.d/.cache/lsp/npm/typescript/lib/node_modules/typescript/lib/lib.webworker.importscripts.d.ts","/home/fractal/.emacs.d/.cache/lsp/npm/typescript/lib/node_modules/typescript/lib/lib.scripthost.d.ts","/home/fractal/.emacs.d/.cache/lsp/npm/typescript/lib/node_modules/typescript/lib/lib.es2015.core.d.ts","/home/fractal/.emacs.d/.cache/lsp/npm/typescript/lib/node_modules/typescript/lib/lib.es2015.collection.d.ts","/home/fractal/.emacs.d/.cache/lsp/npm/typescript/lib/node_modules/typescript/lib/lib.es2015.generator.d.ts","/home/fractal/.emacs.d/.cache/lsp/npm/typescript/lib/node_modules/typescript/lib/lib.es2015.iterable.d.ts","/home/fractal/.emacs.d/.cache/lsp/npm/typescript/lib/node_modules/typescript/lib/lib.es2015.promise.d.ts","/home/fractal/.emacs.d/.cache/lsp/npm/typescript/lib/node_modules/typescript/lib/lib.es2015.proxy.d.ts","/home/fractal/.emacs.d/.cache/lsp/npm/typescript/lib/node_modules/typescript/lib/lib.es2015.reflect.d.ts","/home/fractal/.emacs.d/.cache/lsp/npm/typescript/lib/node_modules/typescript/lib/lib.es2015.symbol.d.ts","/home/fractal/.emacs.d/.cache/lsp/npm/typescript/lib/node_modules/typescript/lib/lib.es2015.symbol.wellknown.d.ts","/home/fractal/.emacs.d/.cache/lsp/npm/typescript/lib/node_modules/typescript/lib/lib.es2016.array.include.d.ts","/home/fractal/.emacs.d/.cache/lsp/npm/typescript/lib/node_modules/typescript/lib/lib.es2016.full.d.ts","/home/fractal/Dropbox/Javascript/shoppinglist/prisma/seed.js"],"compilerOptions":{"module":1,"target":3,"jsx":1,"allowJs":true,"allowSyntheticDefaultImports":true,"allowNonTsExtensions":true,"noEmitForJsFiles":true,"maxNodeModuleJsDepth":2},"typeAcquisition":{"enable":true,"include":[],"exclude":[]},"unresolvedImports":[],"projectRootPath":"/home/fractal/Dropbox/Javascript/shoppinglist/prisma","kind":"discover"}
[18:33:04.882] Explicitly included types: []
[18:33:04.882] Inferred typings from unresolved imports: []
[18:33:04.882] Result: {"cachedTypingPaths":[],"newTypingNames":[],"filesToWatch":["/home/fractal/Dropbox/Javascript/shoppinglist/prisma/bower_components","/home/fractal/Dropbox/Javascript/shoppinglist/prisma/node_modules"]}
[18:33:04.882] Finished typings discovery: {"cachedTypingPaths":[],"newTypingNames":[],"filesToWatch":["/home/fractal/Dropbox/Javascript/shoppinglist/prisma/bower_components","/home/fractal/Dropbox/Javascript/shoppinglist/prisma/node_modules"]}
[18:33:04.883] Sending response:
    {"projectName":"/dev/null/inferredProject1*","typeAcquisition":{"enable":true,"include":[],"exclude":[]},"compilerOptions":{"module":1,"target":3,"jsx":1,"allowJs":true,"allowSyntheticDefaultImports":true,"allowNonTsExtensions":true,"noEmitForJsFiles":true,"maxNodeModuleJsDepth":2},"typings":[],"unresolvedImports":[],"kind":"action::set"}
[18:33:04.883] Response has been sent.
[18:33:04.883] No new typings were requested as a result of typings discovery
[18:33:28.019] Got install request {"projectName":"/dev/null/inferredProject1*","fileNames":["/home/fractal/.emacs.d/.cache/lsp/npm/typescript/lib/node_modules/typescript/lib/lib.es5.d.ts","/home/fractal/.emacs.d/.cache/lsp/npm/typescript/lib/node_modules/typescript/lib/lib.es2015.d.ts","/home/fractal/.emacs.d/.cache/lsp/npm/typescript/lib/node_modules/typescript/lib/lib.es2016.d.ts","/home/fractal/.emacs.d/.cache/lsp/npm/typescript/lib/node_modules/typescript/lib/lib.dom.d.ts","/home/fractal/.emacs.d/.cache/lsp/npm/typescript/lib/node_modules/typescript/lib/lib.dom.iterable.d.ts","/home/fractal/.emacs.d/.cache/lsp/npm/typescript/lib/node_modules/typescript/lib/lib.webworker.importscripts.d.ts","/home/fractal/.emacs.d/.cache/lsp/npm/typescript/lib/node_modules/typescript/lib/lib.scripthost.d.ts","/home/fractal/.emacs.d/.cache/lsp/npm/typescript/lib/node_modules/typescript/lib/lib.es2015.core.d.ts","/home/fractal/.emacs.d/.cache/lsp/npm/typescript/lib/node_modules/typescript/lib/lib.es2015.collection.d.ts","/home/fractal/.emacs.d/.cache/lsp/npm/typescript/lib/node_modules/typescript/lib/lib.es2015.generator.d.ts","/home/fractal/.emacs.d/.cache/lsp/npm/typescript/lib/node_modules/typescript/lib/lib.es2015.iterable.d.ts","/home/fractal/.emacs.d/.cache/lsp/npm/typescript/lib/node_modules/typescript/lib/lib.es2015.promise.d.ts","/home/fractal/.emacs.d/.cache/lsp/npm/typescript/lib/node_modules/typescript/lib/lib.es2015.proxy.d.ts","/home/fractal/.emacs.d/.cache/lsp/npm/typescript/lib/node_modules/typescript/lib/lib.es2015.reflect.d.ts","/home/fractal/.emacs.d/.cache/lsp/npm/typescript/lib/node_modules/typescript/lib/lib.es2015.symbol.d.ts","/home/fractal/.emacs.d/.cache/lsp/npm/typescript/lib/node_modules/typescript/lib/lib.es2015.symbol.wellknown.d.ts","/home/fractal/.emacs.d/.cache/lsp/npm/typescript/lib/node_modules/typescript/lib/lib.es2016.array.include.d.ts","/home/fractal/.emacs.d/.cache/lsp/npm/typescript/lib/node_modules/typescript/lib/lib.es2016.full.d.ts","/home/fractal/Dropbox/Javascript/shoppinglist/prisma/seed.js"],"compilerOptions":{"module":1,"target":3,"jsx":1,"allowJs":true,"allowSyntheticDefaultImports":true,"allowNonTsExtensions":true,"noEmitForJsFiles":true,"maxNodeModuleJsDepth":2},"typeAcquisition":{"enable":true,"include":[],"exclude":[]},"unresolvedImports":[],"projectRootPath":"/home/fractal/Dropbox/Javascript/shoppinglist/prisma","kind":"discover"}
[18:33:28.019] Explicitly included types: []
[18:33:28.019] Inferred typings from unresolved imports: []
[18:33:28.019] Result: {"cachedTypingPaths":[],"newTypingNames":[],"filesToWatch":["/home/fractal/Dropbox/Javascript/shoppinglist/prisma/bower_components","/home/fractal/Dropbox/Javascript/shoppinglist/prisma/node_modules"]}
[18:33:28.019] Finished typings discovery: {"cachedTypingPaths":[],"newTypingNames":[],"filesToWatch":["/home/fractal/Dropbox/Javascript/shoppinglist/prisma/bower_components","/home/fractal/Dropbox/Javascript/shoppinglist/prisma/node_modules"]}
[18:33:28.019] Sending response:
    {"projectName":"/dev/null/inferredProject1*","typeAcquisition":{"enable":true,"include":[],"exclude":[]},"compilerOptions":{"module":1,"target":3,"jsx":1,"allowJs":true,"allowSyntheticDefaultImports":true,"allowNonTsExtensions":true,"noEmitForJsFiles":true,"maxNodeModuleJsDepth":2},"typings":[],"unresolvedImports":[],"kind":"action::set"}
[18:33:28.024] Response has been sent.
[18:33:28.025] No new typings were requested as a result of typings discovery
